<html>
<head>
<title>TestNG:  Smoke Test</title>
<link href="../testng.css" rel="stylesheet" type="text/css" />
<link href="../my-testng.css" rel="stylesheet" type="text/css" />

<style type="text/css">
.log { display: none;} 
.stack-trace { display: none;} 
</style>
<script type="text/javascript">
<!--
function flip(e) {
  current = e.style.display;
  if (current == 'block') {
    e.style.display = 'none';
    return 0;
  }
  else {
    e.style.display = 'block';
    return 1;
  }
}

function toggleBox(szDivId, elem, msg1, msg2)
{
  var res = -1;  if (document.getElementById) {
    res = flip(document.getElementById(szDivId));
  }
  else if (document.all) {
    // this is the way old msie versions work
    res = flip(document.all[szDivId]);
  }
  if(elem) {
    if(res == 0) elem.innerHTML = msg1; else elem.innerHTML = msg2;
  }

}

function toggleAllBoxes() {
  if (document.getElementsByTagName) {
    d = document.getElementsByTagName('div');
    for (i = 0; i < d.length; i++) {
      if (d[i].className == 'log') {
        flip(d[i]);
      }
    }
  }
}

// -->
</script>

</head>
<body>
<h2 align='center'>Smoke Test</h2><table border='1' align="center">
<tr>
<td>Tests passed/Failed/Skipped:</td><td>3/1/0</td>
</tr><tr>
<td>Started on:</td><td>Tue Dec 13 18:57:52 GMT 2022</td>
</tr>
<tr><td>Total time:</td><td>109 seconds (109108 ms)</td>
</tr><tr>
<td>Included groups:</td><td>smoke </td>
</tr><tr>
<td>Excluded groups:</td><td></td>
</tr>
</table><p/>
<small><i>(Hover the method name to see the test class name)</i></small><p/>
<table width='100%' border='1' class='invocation-failed'>
<tr><td colspan='4' align='center'><b>FAILED TESTS</b></td></tr>
<tr><td><b>Test method</b></td>
<td width="30%"><b>Exception</b></td>
<td width="10%"><b>Time (seconds)</b></td>
<td><b>Instance</b></td>
</tr>
<tr>
<td title='com.nopcommerce.demo.testsuite.ComputerTest1.verifyProductAddedToShoppingCartSuccessFully()'><b>verifyProductAddedToShoppingCartSuccessFully</b><br>Test class: com.nopcommerce.demo.testsuite.ComputerTest1<br/>
<a href="#Output-854640632" onClick='toggleBox("Output-854640632", this, "Show output", "Hide output");'>Show output</a>

<a href="#Output-854640632" onClick="toggleAllBoxes();">Show all outputs</a>
<div class='log' id="Output-854640632">
clickOnComputer[[ChromeDriver: chrome on WINDOWS (4a1f5e0b8af7d6f5329b073b843887bb)] -> xpath: //a[@href='/computers']]<br/>
clickOnDesktop[[ChromeDriver: chrome on WINDOWS (4a1f5e0b8af7d6f5329b073b843887bb)] -> xpath: //h2[@class='title']//a]<br/>
getSelectByValue[[ChromeDriver: chrome on WINDOWS (4a1f5e0b8af7d6f5329b073b843887bb)] -> xpath: //select[@name='products-orderby']]<br/>
getVerifyBuildYourOw[[ChromeDriver: chrome on WINDOWS (4a1f5e0b8af7d6f5329b073b843887bb)] -> xpath: //h1[contains(text(),'Build your own computer')]]<br/>
selectProcessorByValue[[ChromeDriver: chrome on WINDOWS (4a1f5e0b8af7d6f5329b073b843887bb)] -> xpath: //select[@id='product_attribute_1']]<br/>
selectRamByValue[[ChromeDriver: chrome on WINDOWS (4a1f5e0b8af7d6f5329b073b843887bb)] -> xpath: //select[@id='product_attribute_2']]<br/>
clickOnHDD400GB[[ChromeDriver: chrome on WINDOWS (4a1f5e0b8af7d6f5329b073b843887bb)] -> xpath: //label[text()='400 GB [+$100.00]']]<br/>
clickOnOsVistaPremium[[ChromeDriver: chrome on WINDOWS (4a1f5e0b8af7d6f5329b073b843887bb)] -> xpath: //label[text()='Vista Premium [+$60.00]']]<br/>
clickOnSoftwareTotalCommander[[ChromeDriver: chrome on WINDOWS (4a1f5e0b8af7d6f5329b073b843887bb)] -> xpath: //input[@id='product_attribute_5_12']]<br/>
clickOnAddToCartButton[[ChromeDriver: chrome on WINDOWS (4a1f5e0b8af7d6f5329b073b843887bb)] -> xpath: //button[@id='add-to-cart-button-1']]<br/>
verifyCaryMessage[[ChromeDriver: chrome on WINDOWS (4a1f5e0b8af7d6f5329b073b843887bb)] -> xpath: //body/div[@id='bar-notification']/div[1]/p[1]]<br/>
closeMessageBar[[ChromeDriver: chrome on WINDOWS (4a1f5e0b8af7d6f5329b073b843887bb)] -> xpath: //body/div[@id='bar-notification']/div[1]/span[1]]<br/>
mouseHoverOnElementShoppingCartProxy element for: DefaultElementLocator 'By.xpath: //select[@name='products-orderby']'<br/>
</div>
</td>
<td><div><pre>org.openqa.selenium.json.JsonException: java.lang.reflect.InvocationTargetException
Build info: version: &apos;4.6.0&apos;, revision: &apos;79f1c02ae20&apos;
System info: os.name: &apos;Windows 10&apos;, os.arch: &apos;amd64&apos;, os.version: &apos;10.0&apos;, java.version: &apos;1.8.0_121&apos;
Driver info: org.openqa.selenium.chrome.ChromeDriver
Command: [4a1f5e0b8af7d6f5329b073b843887bb, actions {actions=[org.openqa.selenium.interactions.Sequence@3f9f71ff]}]
Capabilities {acceptInsecureCerts: false, browserName: chrome, browserVersion: 108.0.5359.99, chrome: {chromedriverVersion: 108.0.5359.71 (1e0e3868ee06..., userDataDir: C:\Users\USER\AppData\Local...}, goog:chromeOptions: {debuggerAddress: localhost:61221}, networkConnectionEnabled: false, pageLoadStrategy: normal, platformName: WINDOWS, proxy: Proxy(), se:cdp: ws://localhost:61221/devtoo..., se:cdpVersion: 108.0.5359.99, setWindowRect: true, strictFileInteractability: false, timeouts: {implicit: 0, pageLoad: 300000, script: 30000}, unhandledPromptBehavior: dismiss and notify, webauthn:extension:credBlob: true, webauthn:extension:largeBlob: true, webauthn:virtualAuthenticators: true}
Session ID: 4a1f5e0b8af7d6f5329b073b843887bb
	at org.openqa.selenium.json.JsonOutput.convertUsingMethod(JsonOutput.java:362)
	at org.openqa.selenium.json.JsonOutput.lambda$new$16(JsonOutput.java:154)
	at org.openqa.selenium.json.JsonOutput.write(JsonOutput.java:287)
	at org.openqa.selenium.json.JsonOutput.lambda$new$22(JsonOutput.java:169)
	at java.util.stream.ForEachOps$ForEachOp$OfRef.accept(ForEachOps.java:184)
	at java.util.stream.ReferencePipeline$2$1.accept(ReferencePipeline.java:175)
	at java.util.Iterator.forEachRemaining(Iterator.java:116)
	at java.util.Spliterators$IteratorSpliterator.forEachRemaining(Spliterators.java:1801)
	at java.util.stream.AbstractPipeline.copyInto(AbstractPipeline.java:481)
	at java.util.stream.AbstractPipeline.wrapAndCopyInto(AbstractPipeline.java:471)
	at java.util.stream.ForEachOps$ForEachOp.evaluateSequential(ForEachOps.java:151)
	at java.util.stream.ForEachOps$ForEachOp$OfRef.evaluateSequential(ForEachOps.java:174)
	at java.util.stream.AbstractPipeline.evaluate(AbstractPipeline.java:234)
	at java.util.stream.ReferencePipeline.forEach(ReferencePipeline.java:418)
	at org.openqa.selenium.json.JsonOutput.lambda$new$23(JsonOutput.java:169)
	at org.openqa.selenium.json.JsonOutput.write(JsonOutput.java:287)
	at org.openqa.selenium.json.JsonOutput.lambda$new$24(JsonOutput.java:182)
	at com.google.common.collect.SingletonImmutableBiMap.forEach(SingletonImmutableBiMap.java:68)
	at org.openqa.selenium.json.JsonOutput.lambda$new$25(JsonOutput.java:177)
	at org.openqa.selenium.json.JsonOutput.write(JsonOutput.java:287)
	at org.openqa.selenium.json.JsonOutput.write(JsonOutput.java:278)
	at org.openqa.selenium.json.Json.toJson(Json.java:42)
	at org.openqa.selenium.remote.codec.AbstractHttpCommandCodec.encode(AbstractHttpCommandCodec.java:259)
	at org.openqa.selenium.remote.codec.AbstractHttpCommandCodec.encode(AbstractHttpCommandCodec.java:122)
	at org.openqa.selenium.remote.HttpCommandExecutor.execute(HttpCommandExecutor.java:172)
	at org.openqa.selenium.remote.service.DriverCommandExecutor.invokeExecute(DriverCommandExecutor.java:167)
	at org.openqa.selenium.remote.service.DriverCommandExecutor.execute(DriverCommandExecutor.java:142)
	at org.openqa.selenium.remote.RemoteWebDriver.execute(RemoteWebDriver.java:541)
	at org.openqa.selenium.remote.RemoteWebDriver.perform(RemoteWebDriver.java:609)
	at org.openqa.selenium.interactions.Actions$BuiltAction.perform(Actions.java:567)
	at org.openqa.selenium.interactions.Actions.perform(Actions.java:536)
	at com.nopcommerce.demo.utility.Utility.mouseHoverToElement(Utility.java:227)
	at com.nopcommerce.demo.pages.ComputerPage3.mouseHoverOnElementShoppingCart(ComputerPage3.java:122)
	at com.nopcommerce.demo.testsuite.ComputerTest1.verifyProductAddedToShoppingCartSuccessFully(ComputerTest1.java:70)
	at java.util.ArrayList.forEach(ArrayList.java:1249)
	at com.intellij.rt.testng.IDEARemoteTestNG.run(IDEARemoteTestNG.java:66)
	at com.intellij.rt.testng.RemoteTestNGStarter.main(RemoteTestNGStarter.java:109)
	Suppressed: org.openqa.selenium.json.JsonException: Attempting to close incomplete json stream
Build info: version: &apos;4.6.0&apos;, revision: &apos;79f1c02ae20&apos;
System info: os.name: &apos;Windows 10&apos;, os.arch: &apos;amd64&apos;, os.version: &apos;10.0&apos;, java.version: &apos;1.8.0_121&apos;
Driver info: driver.version: RemoteWebDriver
		at org.openqa.selenium.json.JsonOutput.close(JsonOutput.java:303)
		at org.openqa.selenium.json.Json.toJson(Json.java:40)
		... 39 more
	at org.openqa.selenium.json.JsonOutput.convertUsingMethod(JsonOutput.java:358)
	... 60 more
Caused by: org.openqa.selenium.NoSuchElementException: no such element: Unable to locate element: {&quot;method&quot;:&quot;xpath&quot;,&quot;selector&quot;:&quot;//select[@name=&apos;products-orderby&apos;]&quot;}
  (Session info: chrome=108.0.5359.99)
For documentation on this error, please visit: https://selenium.dev/exceptions/#no_such_element
Build info: version: &apos;4.6.0&apos;, revision: &apos;79f1c02ae20&apos;
System info: os.name: &apos;Windows 10&apos;, os.arch: &apos;amd64&apos;, os.version: &apos;10.0&apos;, java.version: &apos;1.8.0_121&apos;
Driver info: org.openqa.selenium.chrome.ChromeDriver
Command: [4a1f5e0b8af7d6f5329b073b843887bb, findElement {using=xpath, value=//select[@name=&apos;products-orderby&apos;]}]
Capabilities {acceptInsecureCerts: false, browserName: chrome, browserVersion: 108.0.5359.99, chrome: {chromedriverVersion: 108.0.5359.71 (1e0e3868ee06..., userDataDir: C:\Users\USER\AppData\Local...}, goog:chromeOptions: {debuggerAddress: localhost:61221}, networkConnectionEnabled: false, pageLoadStrategy: normal, platformName: WINDOWS, proxy: Proxy(), se:cdp: ws://localhost:61221/devtoo..., se:cdpVersion: 108.0.5359.99, setWindowRect: true, strictFileInteractability: false, timeouts: {implicit: 0, pageLoad: 300000, script: 30000}, unhandledPromptBehavior: dismiss and notify, webauthn:extension:credBlob: true, webauthn:extension:largeBlob: true, webauthn:virtualAuthenticators: true}
Session ID: 4a1f5e0b8af7d6f5329b073b843887bb
	at org.openqa.selenium.remote.codec.w3c.W3CHttpResponseCodec.createException(W3CHttpResponseCodec.java:200)
	at org.openqa.selenium.remote.codec.w3c.W3CHttpResponseCodec.decode(W3CHttpResponseCodec.java:133)
	at org.openqa.selenium.remote.codec.w3c.W3CHttpResponseCodec.decode(W3CHttpResponseCodec.java:53)
	at org.openqa.selenium.remote.HttpCommandExecutor.execute(HttpCommandExecutor.java:184)
	at org.openqa.selenium.remote.service.DriverCommandExecutor.invokeExecute(DriverCommandExecutor.java:167)
	at org.openqa.selenium.remote.service.DriverCommandExecutor.execute(DriverCommandExecutor.java:142)
	at org.openqa.selenium.remote.RemoteWebDriver.execute(RemoteWebDriver.java:541)
	at org.openqa.selenium.remote.ElementLocation$ElementFinder$2.findElement(ElementLocation.java:162)
	at org.openqa.selenium.remote.ElementLocation.findElement(ElementLocation.java:60)
	at org.openqa.selenium.remote.RemoteWebDriver.findElement(RemoteWebDriver.java:365)
	at org.openqa.selenium.remote.RemoteWebDriver.findElement(RemoteWebDriver.java:357)
	at org.openqa.selenium.support.pagefactory.DefaultElementLocator.findElement(DefaultElementLocator.java:70)
	at org.openqa.selenium.support.pagefactory.internal.LocatingElementHandler.invoke(LocatingElementHandler.java:39)
	at com.sun.proxy.$Proxy16.getWrappedElement(Unknown Source)
	at org.openqa.selenium.interactions.PointerInput$Origin.asArg(PointerInput.java:260)
	at org.openqa.selenium.interactions.PointerInput$Move.encode(PointerInput.java:209)
	at org.openqa.selenium.interactions.Sequence.encode(Sequence.java:73)
	at org.openqa.selenium.interactions.Sequence.toJson(Sequence.java:82)
	... 65 more
... Removed 33 stack frames</pre></div><a href='#' onClick='toggleBox("stack-trace854640632", this, "Click to show all stack frames", "Click to hide stack frames")'>Click to show all stack frames</a>
<div class='stack-trace' id='stack-trace854640632'><pre>org.openqa.selenium.json.JsonException: java.lang.reflect.InvocationTargetException
Build info: version: &apos;4.6.0&apos;, revision: &apos;79f1c02ae20&apos;
System info: os.name: &apos;Windows 10&apos;, os.arch: &apos;amd64&apos;, os.version: &apos;10.0&apos;, java.version: &apos;1.8.0_121&apos;
Driver info: org.openqa.selenium.chrome.ChromeDriver
Command: [4a1f5e0b8af7d6f5329b073b843887bb, actions {actions=[org.openqa.selenium.interactions.Sequence@3f9f71ff]}]
Capabilities {acceptInsecureCerts: false, browserName: chrome, browserVersion: 108.0.5359.99, chrome: {chromedriverVersion: 108.0.5359.71 (1e0e3868ee06..., userDataDir: C:\Users\USER\AppData\Local...}, goog:chromeOptions: {debuggerAddress: localhost:61221}, networkConnectionEnabled: false, pageLoadStrategy: normal, platformName: WINDOWS, proxy: Proxy(), se:cdp: ws://localhost:61221/devtoo..., se:cdpVersion: 108.0.5359.99, setWindowRect: true, strictFileInteractability: false, timeouts: {implicit: 0, pageLoad: 300000, script: 30000}, unhandledPromptBehavior: dismiss and notify, webauthn:extension:credBlob: true, webauthn:extension:largeBlob: true, webauthn:virtualAuthenticators: true}
Session ID: 4a1f5e0b8af7d6f5329b073b843887bb
	at org.openqa.selenium.json.JsonOutput.convertUsingMethod(JsonOutput.java:362)
	at org.openqa.selenium.json.JsonOutput.lambda$new$16(JsonOutput.java:154)
	at org.openqa.selenium.json.JsonOutput.write(JsonOutput.java:287)
	at org.openqa.selenium.json.JsonOutput.lambda$new$22(JsonOutput.java:169)
	at java.util.stream.ForEachOps$ForEachOp$OfRef.accept(ForEachOps.java:184)
	at java.util.stream.ReferencePipeline$2$1.accept(ReferencePipeline.java:175)
	at java.util.Iterator.forEachRemaining(Iterator.java:116)
	at java.util.Spliterators$IteratorSpliterator.forEachRemaining(Spliterators.java:1801)
	at java.util.stream.AbstractPipeline.copyInto(AbstractPipeline.java:481)
	at java.util.stream.AbstractPipeline.wrapAndCopyInto(AbstractPipeline.java:471)
	at java.util.stream.ForEachOps$ForEachOp.evaluateSequential(ForEachOps.java:151)
	at java.util.stream.ForEachOps$ForEachOp$OfRef.evaluateSequential(ForEachOps.java:174)
	at java.util.stream.AbstractPipeline.evaluate(AbstractPipeline.java:234)
	at java.util.stream.ReferencePipeline.forEach(ReferencePipeline.java:418)
	at org.openqa.selenium.json.JsonOutput.lambda$new$23(JsonOutput.java:169)
	at org.openqa.selenium.json.JsonOutput.write(JsonOutput.java:287)
	at org.openqa.selenium.json.JsonOutput.lambda$new$24(JsonOutput.java:182)
	at com.google.common.collect.SingletonImmutableBiMap.forEach(SingletonImmutableBiMap.java:68)
	at org.openqa.selenium.json.JsonOutput.lambda$new$25(JsonOutput.java:177)
	at org.openqa.selenium.json.JsonOutput.write(JsonOutput.java:287)
	at org.openqa.selenium.json.JsonOutput.write(JsonOutput.java:278)
	at org.openqa.selenium.json.Json.toJson(Json.java:42)
	at org.openqa.selenium.remote.codec.AbstractHttpCommandCodec.encode(AbstractHttpCommandCodec.java:259)
	at org.openqa.selenium.remote.codec.AbstractHttpCommandCodec.encode(AbstractHttpCommandCodec.java:122)
	at org.openqa.selenium.remote.HttpCommandExecutor.execute(HttpCommandExecutor.java:172)
	at org.openqa.selenium.remote.service.DriverCommandExecutor.invokeExecute(DriverCommandExecutor.java:167)
	at org.openqa.selenium.remote.service.DriverCommandExecutor.execute(DriverCommandExecutor.java:142)
	at org.openqa.selenium.remote.RemoteWebDriver.execute(RemoteWebDriver.java:541)
	at org.openqa.selenium.remote.RemoteWebDriver.perform(RemoteWebDriver.java:609)
	at org.openqa.selenium.interactions.Actions$BuiltAction.perform(Actions.java:567)
	at org.openqa.selenium.interactions.Actions.perform(Actions.java:536)
	at com.nopcommerce.demo.utility.Utility.mouseHoverToElement(Utility.java:227)
	at com.nopcommerce.demo.pages.ComputerPage3.mouseHoverOnElementShoppingCart(ComputerPage3.java:122)
	at com.nopcommerce.demo.testsuite.ComputerTest1.verifyProductAddedToShoppingCartSuccessFully(ComputerTest1.java:70)
	at sun.reflect.NativeMethodAccessorImpl.invoke0(Native Method)
	at sun.reflect.NativeMethodAccessorImpl.invoke(NativeMethodAccessorImpl.java:62)
	at sun.reflect.DelegatingMethodAccessorImpl.invoke(DelegatingMethodAccessorImpl.java:43)
	at java.lang.reflect.Method.invoke(Method.java:498)
	at org.testng.internal.invokers.MethodInvocationHelper.invokeMethod(MethodInvocationHelper.java:135)
	at org.testng.internal.invokers.TestInvoker.invokeMethod(TestInvoker.java:673)
	at org.testng.internal.invokers.TestInvoker.invokeTestMethod(TestInvoker.java:220)
	at org.testng.internal.invokers.MethodRunner.runInSequence(MethodRunner.java:50)
	at org.testng.internal.invokers.TestInvoker$MethodInvocationAgent.invoke(TestInvoker.java:945)
	at org.testng.internal.invokers.TestInvoker.invokeTestMethods(TestInvoker.java:193)
	at org.testng.internal.invokers.TestMethodWorker.invokeTestMethods(TestMethodWorker.java:146)
	at org.testng.internal.invokers.TestMethodWorker.run(TestMethodWorker.java:128)
	at java.util.ArrayList.forEach(ArrayList.java:1249)
	at org.testng.TestRunner.privateRun(TestRunner.java:808)
	at org.testng.TestRunner.run(TestRunner.java:603)
	at org.testng.SuiteRunner.runTest(SuiteRunner.java:429)
	at org.testng.SuiteRunner.runSequentially(SuiteRunner.java:423)
	at org.testng.SuiteRunner.privateRun(SuiteRunner.java:383)
	at org.testng.SuiteRunner.run(SuiteRunner.java:326)
	at org.testng.SuiteRunnerWorker.runSuite(SuiteRunnerWorker.java:52)
	at org.testng.SuiteRunnerWorker.run(SuiteRunnerWorker.java:95)
	at org.testng.TestNG.runSuitesSequentially(TestNG.java:1249)
	at org.testng.TestNG.runSuitesLocally(TestNG.java:1169)
	at org.testng.TestNG.runSuites(TestNG.java:1092)
	at org.testng.TestNG.run(TestNG.java:1060)
	at com.intellij.rt.testng.IDEARemoteTestNG.run(IDEARemoteTestNG.java:66)
	at com.intellij.rt.testng.RemoteTestNGStarter.main(RemoteTestNGStarter.java:109)
	Suppressed: org.openqa.selenium.json.JsonException: Attempting to close incomplete json stream
Build info: version: &apos;4.6.0&apos;, revision: &apos;79f1c02ae20&apos;
System info: os.name: &apos;Windows 10&apos;, os.arch: &apos;amd64&apos;, os.version: &apos;10.0&apos;, java.version: &apos;1.8.0_121&apos;
Driver info: driver.version: RemoteWebDriver
		at org.openqa.selenium.json.JsonOutput.close(JsonOutput.java:303)
		at org.openqa.selenium.json.Json.toJson(Json.java:40)
		... 39 more
Caused by: java.lang.reflect.InvocationTargetException
	at sun.reflect.NativeMethodAccessorImpl.invoke0(Native Method)
	at sun.reflect.NativeMethodAccessorImpl.invoke(NativeMethodAccessorImpl.java:62)
	at sun.reflect.DelegatingMethodAccessorImpl.invoke(DelegatingMethodAccessorImpl.java:43)
	at java.lang.reflect.Method.invoke(Method.java:498)
	at org.openqa.selenium.json.JsonOutput.convertUsingMethod(JsonOutput.java:358)
	... 60 more
Caused by: org.openqa.selenium.NoSuchElementException: no such element: Unable to locate element: {&quot;method&quot;:&quot;xpath&quot;,&quot;selector&quot;:&quot;//select[@name=&apos;products-orderby&apos;]&quot;}
  (Session info: chrome=108.0.5359.99)
For documentation on this error, please visit: https://selenium.dev/exceptions/#no_such_element
Build info: version: &apos;4.6.0&apos;, revision: &apos;79f1c02ae20&apos;
System info: os.name: &apos;Windows 10&apos;, os.arch: &apos;amd64&apos;, os.version: &apos;10.0&apos;, java.version: &apos;1.8.0_121&apos;
Driver info: org.openqa.selenium.chrome.ChromeDriver
Command: [4a1f5e0b8af7d6f5329b073b843887bb, findElement {using=xpath, value=//select[@name=&apos;products-orderby&apos;]}]
Capabilities {acceptInsecureCerts: false, browserName: chrome, browserVersion: 108.0.5359.99, chrome: {chromedriverVersion: 108.0.5359.71 (1e0e3868ee06..., userDataDir: C:\Users\USER\AppData\Local...}, goog:chromeOptions: {debuggerAddress: localhost:61221}, networkConnectionEnabled: false, pageLoadStrategy: normal, platformName: WINDOWS, proxy: Proxy(), se:cdp: ws://localhost:61221/devtoo..., se:cdpVersion: 108.0.5359.99, setWindowRect: true, strictFileInteractability: false, timeouts: {implicit: 0, pageLoad: 300000, script: 30000}, unhandledPromptBehavior: dismiss and notify, webauthn:extension:credBlob: true, webauthn:extension:largeBlob: true, webauthn:virtualAuthenticators: true}
Session ID: 4a1f5e0b8af7d6f5329b073b843887bb
	at sun.reflect.NativeConstructorAccessorImpl.newInstance0(Native Method)
	at sun.reflect.NativeConstructorAccessorImpl.newInstance(NativeConstructorAccessorImpl.java:62)
	at sun.reflect.DelegatingConstructorAccessorImpl.newInstance(DelegatingConstructorAccessorImpl.java:45)
	at java.lang.reflect.Constructor.newInstance(Constructor.java:423)
	at org.openqa.selenium.remote.codec.w3c.W3CHttpResponseCodec.createException(W3CHttpResponseCodec.java:200)
	at org.openqa.selenium.remote.codec.w3c.W3CHttpResponseCodec.decode(W3CHttpResponseCodec.java:133)
	at org.openqa.selenium.remote.codec.w3c.W3CHttpResponseCodec.decode(W3CHttpResponseCodec.java:53)
	at org.openqa.selenium.remote.HttpCommandExecutor.execute(HttpCommandExecutor.java:184)
	at org.openqa.selenium.remote.service.DriverCommandExecutor.invokeExecute(DriverCommandExecutor.java:167)
	at org.openqa.selenium.remote.service.DriverCommandExecutor.execute(DriverCommandExecutor.java:142)
	at org.openqa.selenium.remote.RemoteWebDriver.execute(RemoteWebDriver.java:541)
	at org.openqa.selenium.remote.ElementLocation$ElementFinder$2.findElement(ElementLocation.java:162)
	at org.openqa.selenium.remote.ElementLocation.findElement(ElementLocation.java:60)
	at org.openqa.selenium.remote.RemoteWebDriver.findElement(RemoteWebDriver.java:365)
	at org.openqa.selenium.remote.RemoteWebDriver.findElement(RemoteWebDriver.java:357)
	at org.openqa.selenium.support.pagefactory.DefaultElementLocator.findElement(DefaultElementLocator.java:70)
	at org.openqa.selenium.support.pagefactory.internal.LocatingElementHandler.invoke(LocatingElementHandler.java:39)
	at com.sun.proxy.$Proxy16.getWrappedElement(Unknown Source)
	at org.openqa.selenium.interactions.PointerInput$Origin.asArg(PointerInput.java:260)
	at org.openqa.selenium.interactions.PointerInput$Move.encode(PointerInput.java:209)
	at org.openqa.selenium.interactions.Sequence.encode(Sequence.java:73)
	at org.openqa.selenium.interactions.Sequence.toJson(Sequence.java:82)
	... 65 more
</pre></div></td>
<td>44</td>
<td>com.nopcommerce.demo.testsuite.ComputerTest1@4ae82894</td></tr>
</table><p>
<table width='100%' border='1' class='invocation-passed'>
<tr><td colspan='4' align='center'><b>PASSED TESTS</b></td></tr>
<tr><td><b>Test method</b></td>
<td width="30%"><b>Exception</b></td>
<td width="10%"><b>Time (seconds)</b></td>
<td><b>Instance</b></td>
</tr>
<tr>
<td title='com.nopcommerce.demo.testsuite.HomePageTest.verifyUserShouldNavigateToApparel()'><b>verifyUserShouldNavigateToApparel</b><br>Test class: com.nopcommerce.demo.testsuite.HomePageTest<br/>
<a href="#Output-1064315206" onClick='toggleBox("Output-1064315206", this, "Show output", "Hide output");'>Show output</a>

<a href="#Output-1064315206" onClick="toggleAllBoxes();">Show all outputs</a>
<div class='log' id="Output-1064315206">
getVerifyElectronics[[ChromeDriver: chrome on WINDOWS (afe84ee1a1f630ba81d4d3d5acafca4c)] -> xpath: //a[@href='/electronics']]<br/>
Click to see screenshot<br/>
<a target = "_blank" href=C:\Users\USER\IdeaProjects\testng-week15-nopcommerce-naresh/test-output/html/verifyUserShouldNavigateToApparelTue_Dec_13_18_59_37_GMT_2022.jpg>Screenshot</a><br/>
<br><br/>
<br><br/>
<a target = "_blank" href=C:\Users\USER\IdeaProjects\testng-week15-nopcommerce-naresh/test-output/html/verifyUserShouldNavigateToApparelTue_Dec_13_18_59_37_GMT_2022.jpg><img src=C:\Users\USER\IdeaProjects\testng-week15-nopcommerce-naresh/test-output/html/verifyUserShouldNavigateToApparelTue_Dec_13_18_59_37_GMT_2022.jpg height=200 width=200></img></a><br/>
</div>
</td>
<td></td>
<td>1</td>
<td>com.nopcommerce.demo.testsuite.HomePageTest@543788f3</td></tr>
<tr>
<td title='com.nopcommerce.demo.testsuite.ElectronicsTest.verifyThatTheProductAddedSuccessfullyAndPlaceOrderSuccessfully()'><b>verifyThatTheProductAddedSuccessfullyAndPlaceOrderSuccessfully</b><br>Test class: com.nopcommerce.demo.testsuite.ElectronicsTest<br/>
<a href="#Output-596779307" onClick='toggleBox("Output-596779307", this, "Show output", "Hide output");'>Show output</a>

<a href="#Output-596779307" onClick="toggleAllBoxes();">Show all outputs</a>
<div class='log' id="Output-596779307">
mouseHoverOnElectronics[[ChromeDriver: chrome on WINDOWS (cd8705c7358c5d127bec0e8fb41357f3)] -> xpath: //body/div[6]/div[2]/ul[1]/li[2]/a[1]]<br/>
mouseHoverOnCellPhonesAndClick[[ChromeDriver: chrome on WINDOWS (cd8705c7358c5d127bec0e8fb41357f3)] -> xpath: //body/div[6]/div[2]/ul[1]/li[2]/ul[1]/li[2]/a[1]]<br/>
verifyTextCellPhones[[ChromeDriver: chrome on WINDOWS (cd8705c7358c5d127bec0e8fb41357f3)] -> xpath: //h1[contains(text(),'Cell phones')]]<br/>
clickOnListViewTab[[ChromeDriver: chrome on WINDOWS (cd8705c7358c5d127bec0e8fb41357f3)] -> xpath: //a[contains(text(),'List')]]<br/>
clickOnProductNameNokia[[ChromeDriver: chrome on WINDOWS (cd8705c7358c5d127bec0e8fb41357f3)] -> xpath: //img[@alt ='Picture of Nokia Lumia 1020']]<br/>
verifyTextNokiaLumia[[ChromeDriver: chrome on WINDOWS (cd8705c7358c5d127bec0e8fb41357f3)] -> xpath: //h1[contains(text(),'Nokia Lumia 1020')]]<br/>
verifyNokiaPrice[[ChromeDriver: chrome on WINDOWS (cd8705c7358c5d127bec0e8fb41357f3)] -> xpath: //span[@id='price-value-20']]<br/>
changeQuantityTo2[[ChromeDriver: chrome on WINDOWS (cd8705c7358c5d127bec0e8fb41357f3)] -> id: product_enteredQuantity_20]<br/>
clickOnAddToCart[[ChromeDriver: chrome on WINDOWS (cd8705c7358c5d127bec0e8fb41357f3)] -> xpath: //button[@id='add-to-cart-button-20']]<br/>
clickOnGreenBar[[ChromeDriver: chrome on WINDOWS (cd8705c7358c5d127bec0e8fb41357f3)] -> xpath: //body/div[@id='bar-notification']/div[1]/span[1]]<br/>
mouseHoverOnShoppingCart[[ChromeDriver: chrome on WINDOWS (cd8705c7358c5d127bec0e8fb41357f3)] -> xpath: //span[contains(text(),'Shopping cart')]]<br/>
hoverAndClickOnGoToCart[[ChromeDriver: chrome on WINDOWS (cd8705c7358c5d127bec0e8fb41357f3)] -> xpath: //button[contains(text(),'Go to cart')]]<br/>
verifyMessageShoppingCart[[ChromeDriver: chrome on WINDOWS (cd8705c7358c5d127bec0e8fb41357f3)] -> xpath: //h1[contains(text(),'Shopping cart')]]<br/>
verifyQuantity[[ChromeDriver: chrome on WINDOWS (cd8705c7358c5d127bec0e8fb41357f3)] -> xpath: //span[contains(text(),'(2)')]]<br/>
verifyTotal[[ChromeDriver: chrome on WINDOWS (cd8705c7358c5d127bec0e8fb41357f3)] -> xpath: //tbody/tr[1]/td[6]]<br/>
clickOnCheckbox[[ChromeDriver: chrome on WINDOWS (cd8705c7358c5d127bec0e8fb41357f3)] -> xpath: //input[@id='termsofservice']]<br/>
clickOnCheckout[[ChromeDriver: chrome on WINDOWS (cd8705c7358c5d127bec0e8fb41357f3)] -> xpath: //button[@id='checkout']]<br/>
verifyTextWelcomePlease[[ChromeDriver: chrome on WINDOWS (cd8705c7358c5d127bec0e8fb41357f3)] -> xpath: //h1[contains(text(),'Welcome, Please Sign In!')]]<br/>
clickOnRegister[[ChromeDriver: chrome on WINDOWS (cd8705c7358c5d127bec0e8fb41357f3)] -> xpath: //button[contains(text(),'Register')]]<br/>
verifyTextRegister[[ChromeDriver: chrome on WINDOWS (cd8705c7358c5d127bec0e8fb41357f3)] -> xpath: //h1[contains(text(),'Register')]]<br/>
sendTextToFirstNameField[[ChromeDriver: chrome on WINDOWS (cd8705c7358c5d127bec0e8fb41357f3)] -> id: FirstName]<br/>
sendTextToLastNameField[[ChromeDriver: chrome on WINDOWS (cd8705c7358c5d127bec0e8fb41357f3)] -> id: LastName]<br/>
sendTextToEmailField[[ChromeDriver: chrome on WINDOWS (cd8705c7358c5d127bec0e8fb41357f3)] -> id: Email]<br/>
sendTextToPasswordField[[ChromeDriver: chrome on WINDOWS (cd8705c7358c5d127bec0e8fb41357f3)] -> xpath: //input[@id='Password']]<br/>
sendTextToConfirmPasswordField[[ChromeDriver: chrome on WINDOWS (cd8705c7358c5d127bec0e8fb41357f3)] -> xpath: //input[@id='ConfirmPassword']]<br/>
clickOnRegister1[[ChromeDriver: chrome on WINDOWS (cd8705c7358c5d127bec0e8fb41357f3)] -> id: register-button]<br/>
verifyMessageYourRegistrationCompleted[[ChromeDriver: chrome on WINDOWS (cd8705c7358c5d127bec0e8fb41357f3)] -> xpath: //div[contains(text(),'Your registration completed')]]<br/>
clickOnContinue[[ChromeDriver: chrome on WINDOWS (cd8705c7358c5d127bec0e8fb41357f3)] -> xpath: //a[contains(text(),'Continue')]]<br/>
verifyTextShoppingCart[[ChromeDriver: chrome on WINDOWS (cd8705c7358c5d127bec0e8fb41357f3)] -> xpath: //h1[contains(text(),'Shopping cart')]]<br/>
lickOnCheckbox1[[ChromeDriver: chrome on WINDOWS (cd8705c7358c5d127bec0e8fb41357f3)] -> xpath: //input[@id='termsofservice']]<br/>
clickOnCheckout1[[ChromeDriver: chrome on WINDOWS (cd8705c7358c5d127bec0e8fb41357f3)] -> xpath: //button[@id='checkout']]<br/>
countryByVisibleText[[ChromeDriver: chrome on WINDOWS (cd8705c7358c5d127bec0e8fb41357f3)] -> xpath: //select[@id='BillingNewAddress_CountryId']]<br/>
sendTextToCity[[ChromeDriver: chrome on WINDOWS (cd8705c7358c5d127bec0e8fb41357f3)] -> id: BillingNewAddress_City]<br/>
sendTextToAddress[[ChromeDriver: chrome on WINDOWS (cd8705c7358c5d127bec0e8fb41357f3)] -> id: BillingNewAddress_Address1]<br/>
sendTextToPostelCode[[ChromeDriver: chrome on WINDOWS (cd8705c7358c5d127bec0e8fb41357f3)] -> id: BillingNewAddress_ZipPostalCode]<br/>
sendTextToPhoneNumber[[ChromeDriver: chrome on WINDOWS (cd8705c7358c5d127bec0e8fb41357f3)] -> id: BillingNewAddress_PhoneNumber]<br/>
clickOnContinue1[[ChromeDriver: chrome on WINDOWS (cd8705c7358c5d127bec0e8fb41357f3)] -> xpath: //body/div[6]/div[3]/div[1]/div[1]/div[1]/div[2]/ol[1]/li[1]/div[2]/div[1]/button[4]]<br/>
clickOn2ndDayAir[[ChromeDriver: chrome on WINDOWS (cd8705c7358c5d127bec0e8fb41357f3)] -> id: shippingoption_2]<br/>
clickOnContinue2[[ChromeDriver: chrome on WINDOWS (cd8705c7358c5d127bec0e8fb41357f3)] -> xpath: (//button[text()='Continue'])[3]]<br/>
clickOnCreditCard[[ChromeDriver: chrome on WINDOWS (cd8705c7358c5d127bec0e8fb41357f3)] -> id: paymentmethod_1]<br/>
clickOnContinueTab[[ChromeDriver: chrome on WINDOWS (cd8705c7358c5d127bec0e8fb41357f3)] -> xpath: //div[@id='payment-method-buttons-container']//button[1]]<br/>
clickOnSelectCreditCard[[ChromeDriver: chrome on WINDOWS (cd8705c7358c5d127bec0e8fb41357f3)] -> xpath: //input[@value='Payments.Manual']]<br/>
sendTextToCardholderName[[ChromeDriver: chrome on WINDOWS (cd8705c7358c5d127bec0e8fb41357f3)] -> name: CardholderName]<br/>
sendTextToCardNumber[[ChromeDriver: chrome on WINDOWS (cd8705c7358c5d127bec0e8fb41357f3)] -> xpath: //input[@id='CardNumber']]<br/>
sendTextToExpirationMonth[[ChromeDriver: chrome on WINDOWS (cd8705c7358c5d127bec0e8fb41357f3)] -> xpath: //select[@id='ExpireMonth']]<br/>
sendTextToExpirationYear[[ChromeDriver: chrome on WINDOWS (cd8705c7358c5d127bec0e8fb41357f3)] -> xpath: //select[@id='ExpireYear']]<br/>
sendTextToCardCode[[ChromeDriver: chrome on WINDOWS (cd8705c7358c5d127bec0e8fb41357f3)] -> id: CardCode]<br/>
clickOnContinue3[[ChromeDriver: chrome on WINDOWS (cd8705c7358c5d127bec0e8fb41357f3)] -> xpath: //body/div[6]/div[3]/div[1]/div[1]/div[1]/div[2]/ol[1]/li[5]/div[2]/div[1]/button[1]]<br/>
verifyPaymentMethod[[ChromeDriver: chrome on WINDOWS (cd8705c7358c5d127bec0e8fb41357f3)] -> xpath: //span[contains(text(),'Credit Card')]]<br/>
verifyShopingMethod[[ChromeDriver: chrome on WINDOWS (cd8705c7358c5d127bec0e8fb41357f3)] -> xpath: //span[text()[normalize-space()='2nd Day Air']]]<br/>
verifyTotalPrice[[ChromeDriver: chrome on WINDOWS (cd8705c7358c5d127bec0e8fb41357f3)] -> xpath: (//strong[text()='$698.00'])[2]]<br/>
clickOnConfirm[[ChromeDriver: chrome on WINDOWS (cd8705c7358c5d127bec0e8fb41357f3)] -> xpath: //button[contains(text(),'Confirm')]]<br/>
verifyTextThankYou[[ChromeDriver: chrome on WINDOWS (cd8705c7358c5d127bec0e8fb41357f3)] -> xpath: //h1[contains(text(),'Thank you')]]<br/>
verifySuccessfully[[ChromeDriver: chrome on WINDOWS (cd8705c7358c5d127bec0e8fb41357f3)] -> xpath: //strong[contains(text(),'Your order has been successfully processed!')]]<br/>
clickOnContinue4[[ChromeDriver: chrome on WINDOWS (cd8705c7358c5d127bec0e8fb41357f3)] -> xpath: //button[@class='button-1 order-completed-continue-button']]<br/>
verifyWelcomeToOurStore[[ChromeDriver: chrome on WINDOWS (cd8705c7358c5d127bec0e8fb41357f3)] -> xpath: //h2[contains(text(),'Welcome to our store')]]<br/>
clickOnLogout[[ChromeDriver: chrome on WINDOWS (cd8705c7358c5d127bec0e8fb41357f3)] -> xpath: //a[contains(text(),'Log out')]]<br/>
clickOnCurrencyLinkProxy element for: DefaultElementLocator 'By.xpath: //h1[contains(text(),'Thank you')]'<br/>
Click to see screenshot<br/>
<a target = "_blank" href=C:\Users\USER\IdeaProjects\testng-week15-nopcommerce-naresh/test-output/html/verifyThatTheProductAddedSuccessfullyAndPlaceOrderSuccessfullyTue_Dec_13_18_58_43_GMT_2022.jpg>Screenshot</a><br/>
<br><br/>
<br><br/>
<a target = "_blank" href=C:\Users\USER\IdeaProjects\testng-week15-nopcommerce-naresh/test-output/html/verifyThatTheProductAddedSuccessfullyAndPlaceOrderSuccessfullyTue_Dec_13_18_58_43_GMT_2022.jpg><img src=C:\Users\USER\IdeaProjects\testng-week15-nopcommerce-naresh/test-output/html/verifyThatTheProductAddedSuccessfullyAndPlaceOrderSuccessfullyTue_Dec_13_18_58_43_GMT_2022.jpg height=200 width=200></img></a><br/>
</div>
</td>
<td></td>
<td>46</td>
<td>com.nopcommerce.demo.testsuite.ElectronicsTest@47db50c5</td></tr>
<tr>
<td title='com.nopcommerce.demo.testsuite.HomePageTest.verifyUserShouldNavigateToElectronics()'><b>verifyUserShouldNavigateToElectronics</b><br>Test class: com.nopcommerce.demo.testsuite.HomePageTest<br/>
<a href="#Output-1706655559" onClick='toggleBox("Output-1706655559", this, "Show output", "Hide output");'>Show output</a>

<a href="#Output-1706655559" onClick="toggleAllBoxes();">Show all outputs</a>
<div class='log' id="Output-1706655559">
getVerifyElectronics[[ChromeDriver: chrome on WINDOWS (39750bdcf54f150344a119d70538e982)] -> xpath: //a[@href='/electronics']]<br/>
Click to see screenshot<br/>
<a target = "_blank" href=C:\Users\USER\IdeaProjects\testng-week15-nopcommerce-naresh/test-output/html/verifyUserShouldNavigateToElectronicsTue_Dec_13_18_59_41_GMT_2022.jpg>Screenshot</a><br/>
<br><br/>
<br><br/>
<a target = "_blank" href=C:\Users\USER\IdeaProjects\testng-week15-nopcommerce-naresh/test-output/html/verifyUserShouldNavigateToElectronicsTue_Dec_13_18_59_41_GMT_2022.jpg><img src=C:\Users\USER\IdeaProjects\testng-week15-nopcommerce-naresh/test-output/html/verifyUserShouldNavigateToElectronicsTue_Dec_13_18_59_41_GMT_2022.jpg height=200 width=200></img></a><br/>
</div>
</td>
<td></td>
<td>0</td>
<td>com.nopcommerce.demo.testsuite.HomePageTest@543788f3</td></tr>
</table><p>
</body>
</html>