<?xml version="1.0" encoding="UTF-8"?>
<testsuite name="Smoke Test"
           tests="1"
           failures="1"
           errors="0"
           skipped="0"
           time="44.440">
  <properties />
            <testcase name="verifyProductAddedToShoppingCartSuccessFully" time="44.440" classname="com.nopcommerce.demo.testsuite.ComputerTest1">
                <failure type="org.openqa.selenium.json.JsonException"
                  message="java.lang.reflect.InvocationTargetException
Build info: version: &apos;4.6.0&apos;, revision: &apos;79f1c02ae20&apos;
System info: os.name: &apos;Windows 10&apos;, os.arch: &apos;amd64&apos;, os.version: &apos;10.0&apos;, java.version: &apos;1.8.0_121&apos;
Driver info: org.openqa.selenium.chrome.ChromeDriver
Command: [4a1f5e0b8af7d6f5329b073b843887bb, actions {actions=[org.openqa.selenium.interactions.Sequence@3f9f71ff]}]
Capabilities {acceptInsecureCerts: false, browserName: chrome, browserVersion: 108.0.5359.99, chrome: {chromedriverVersion: 108.0.5359.71 (1e0e3868ee06..., userDataDir: C:\Users\USER\AppData\Local...}, goog:chromeOptions: {debuggerAddress: localhost:61221}, networkConnectionEnabled: false, pageLoadStrategy: normal, platformName: WINDOWS, proxy: Proxy(), se:cdp: ws://localhost:61221/devtoo..., se:cdpVersion: 108.0.5359.99, setWindowRect: true, strictFileInteractability: false, timeouts: {implicit: 0, pageLoad: 300000, script: 30000}, unhandledPromptBehavior: dismiss and notify, webauthn:extension:credBlob: true, webauthn:extension:largeBlob: true, webauthn:virtualAuthenticators: true}
Session ID: 4a1f5e0b8af7d6f5329b073b843887bb"
              >
<![CDATA[org.openqa.selenium.json.JsonException: java.lang.reflect.InvocationTargetException
Build info: version: '4.6.0', revision: '79f1c02ae20'
System info: os.name: 'Windows 10', os.arch: 'amd64', os.version: '10.0', java.version: '1.8.0_121'
Driver info: org.openqa.selenium.chrome.ChromeDriver
Command: [4a1f5e0b8af7d6f5329b073b843887bb, actions {actions=[org.openqa.selenium.interactions.Sequence@3f9f71ff]}]
Capabilities {acceptInsecureCerts: false, browserName: chrome, browserVersion: 108.0.5359.99, chrome: {chromedriverVersion: 108.0.5359.71 (1e0e3868ee06..., userDataDir: C:\Users\USER\AppData\Local...}, goog:chromeOptions: {debuggerAddress: localhost:61221}, networkConnectionEnabled: false, pageLoadStrategy: normal, platformName: WINDOWS, proxy: Proxy(), se:cdp: ws://localhost:61221/devtoo..., se:cdpVersion: 108.0.5359.99, setWindowRect: true, strictFileInteractability: false, timeouts: {implicit: 0, pageLoad: 300000, script: 30000}, unhandledPromptBehavior: dismiss and notify, webauthn:extension:credBlob: true, webauthn:extension:largeBlob: true, webauthn:virtualAuthenticators: true}
Session ID: 4a1f5e0b8af7d6f5329b073b843887bb
  org.openqa.selenium.json.JsonOutput.convertUsingMethod(JsonOutput.java:362)
  org.openqa.selenium.json.JsonOutput.lambda$new$16(JsonOutput.java:154)
  org.openqa.selenium.json.JsonOutput.write(JsonOutput.java:287)
  org.openqa.selenium.json.JsonOutput.lambda$new$22(JsonOutput.java:169)
  java.util.stream.ForEachOps$ForEachOp$OfRef.accept(ForEachOps.java:184)
  java.util.stream.ReferencePipeline$2$1.accept(ReferencePipeline.java:175)
  java.util.Iterator.forEachRemaining(Iterator.java:116)
  java.util.Spliterators$IteratorSpliterator.forEachRemaining(Spliterators.java:1801)
  java.util.stream.AbstractPipeline.copyInto(AbstractPipeline.java:481)
  java.util.stream.AbstractPipeline.wrapAndCopyInto(AbstractPipeline.java:471)
  java.util.stream.ForEachOps$ForEachOp.evaluateSequential(ForEachOps.java:151)
  java.util.stream.ForEachOps$ForEachOp$OfRef.evaluateSequential(ForEachOps.java:174)
  java.util.stream.AbstractPipeline.evaluate(AbstractPipeline.java:234)
  java.util.stream.ReferencePipeline.forEach(ReferencePipeline.java:418)
  org.openqa.selenium.json.JsonOutput.lambda$new$23(JsonOutput.java:169)
  org.openqa.selenium.json.JsonOutput.write(JsonOutput.java:287)
  org.openqa.selenium.json.JsonOutput.lambda$new$24(JsonOutput.java:182)
  com.google.common.collect.SingletonImmutableBiMap.forEach(SingletonImmutableBiMap.java:68)
  org.openqa.selenium.json.JsonOutput.lambda$new$25(JsonOutput.java:177)
  org.openqa.selenium.json.JsonOutput.write(JsonOutput.java:287)
  org.openqa.selenium.json.JsonOutput.write(JsonOutput.java:278)
  org.openqa.selenium.json.Json.toJson(Json.java:42)
  org.openqa.selenium.remote.codec.AbstractHttpCommandCodec.encode(AbstractHttpCommandCodec.java:259)
  org.openqa.selenium.remote.codec.AbstractHttpCommandCodec.encode(AbstractHttpCommandCodec.java:122)
  org.openqa.selenium.remote.HttpCommandExecutor.execute(HttpCommandExecutor.java:172)
  org.openqa.selenium.remote.service.DriverCommandExecutor.invokeExecute(DriverCommandExecutor.java:167)
  org.openqa.selenium.remote.service.DriverCommandExecutor.execute(DriverCommandExecutor.java:142)
  org.openqa.selenium.remote.RemoteWebDriver.execute(RemoteWebDriver.java:541)
  org.openqa.selenium.remote.RemoteWebDriver.perform(RemoteWebDriver.java:609)
  org.openqa.selenium.interactions.Actions$BuiltAction.perform(Actions.java:567)
  org.openqa.selenium.interactions.Actions.perform(Actions.java:536)
  com.nopcommerce.demo.utility.Utility.mouseHoverToElement(Utility.java:227)
  com.nopcommerce.demo.pages.ComputerPage3.mouseHoverOnElementShoppingCart(ComputerPage3.java:122)
  com.nopcommerce.demo.testsuite.ComputerTest1.verifyProductAddedToShoppingCartSuccessFully(ComputerTest1.java:70)
  sun.reflect.NativeMethodAccessorImpl.invoke0(Native Method)
  sun.reflect.NativeMethodAccessorImpl.invoke(NativeMethodAccessorImpl.java:62)
  sun.reflect.DelegatingMethodAccessorImpl.invoke(DelegatingMethodAccessorImpl.java:43)
  java.lang.reflect.Method.invoke(Method.java:498)
  org.testng.internal.invokers.MethodInvocationHelper.invokeMethod(MethodInvocationHelper.java:135)
  org.testng.internal.invokers.TestInvoker.invokeMethod(TestInvoker.java:673)
  org.testng.internal.invokers.TestInvoker.invokeTestMethod(TestInvoker.java:220)
  org.testng.internal.invokers.MethodRunner.runInSequence(MethodRunner.java:50)
  org.testng.internal.invokers.TestInvoker$MethodInvocationAgent.invoke(TestInvoker.java:945)
  org.testng.internal.invokers.TestInvoker.invokeTestMethods(TestInvoker.java:193)
  org.testng.internal.invokers.TestMethodWorker.invokeTestMethods(TestMethodWorker.java:146)
  org.testng.internal.invokers.TestMethodWorker.run(TestMethodWorker.java:128)
  java.util.ArrayList.forEach(ArrayList.java:1249)
  org.testng.TestRunner.privateRun(TestRunner.java:808)
  org.testng.TestRunner.run(TestRunner.java:603)
  org.testng.SuiteRunner.runTest(SuiteRunner.java:429)
  org.testng.SuiteRunner.runSequentially(SuiteRunner.java:423)
  org.testng.SuiteRunner.privateRun(SuiteRunner.java:383)
  org.testng.SuiteRunner.run(SuiteRunner.java:326)
  org.testng.SuiteRunnerWorker.runSuite(SuiteRunnerWorker.java:52)
  org.testng.SuiteRunnerWorker.run(SuiteRunnerWorker.java:95)
  org.testng.TestNG.runSuitesSequentially(TestNG.java:1249)
  org.testng.TestNG.runSuitesLocally(TestNG.java:1169)
  org.testng.TestNG.runSuites(TestNG.java:1092)
  org.testng.TestNG.run(TestNG.java:1060)
  com.intellij.rt.testng.IDEARemoteTestNG.run(IDEARemoteTestNG.java:66)
  com.intellij.rt.testng.RemoteTestNGStarter.main(RemoteTestNGStarter.java:109)
Caused by: java.lang.reflect.InvocationTargetException
  sun.reflect.NativeMethodAccessorImpl.invoke0(Native Method)
  sun.reflect.NativeMethodAccessorImpl.invoke(NativeMethodAccessorImpl.java:62)
  sun.reflect.DelegatingMethodAccessorImpl.invoke(DelegatingMethodAccessorImpl.java:43)
  java.lang.reflect.Method.invoke(Method.java:498)
  org.openqa.selenium.json.JsonOutput.convertUsingMethod(JsonOutput.java:358)
  org.openqa.selenium.json.JsonOutput.lambda$new$16(JsonOutput.java:154)
  org.openqa.selenium.json.JsonOutput.write(JsonOutput.java:287)
  org.openqa.selenium.json.JsonOutput.lambda$new$22(JsonOutput.java:169)
  java.util.stream.ForEachOps$ForEachOp$OfRef.accept(ForEachOps.java:184)
  java.util.stream.ReferencePipeline$2$1.accept(ReferencePipeline.java:175)
  java.util.Iterator.forEachRemaining(Iterator.java:116)
  java.util.Spliterators$IteratorSpliterator.forEachRemaining(Spliterators.java:1801)
  java.util.stream.AbstractPipeline.copyInto(AbstractPipeline.java:481)
  java.util.stream.AbstractPipeline.wrapAndCopyInto(AbstractPipeline.java:471)
  java.util.stream.ForEachOps$ForEachOp.evaluateSequential(ForEachOps.java:151)
  java.util.stream.ForEachOps$ForEachOp$OfRef.evaluateSequential(ForEachOps.java:174)
  java.util.stream.AbstractPipeline.evaluate(AbstractPipeline.java:234)
  java.util.stream.ReferencePipeline.forEach(ReferencePipeline.java:418)
  org.openqa.selenium.json.JsonOutput.lambda$new$23(JsonOutput.java:169)
  org.openqa.selenium.json.JsonOutput.write(JsonOutput.java:287)
  org.openqa.selenium.json.JsonOutput.lambda$new$24(JsonOutput.java:182)
  com.google.common.collect.SingletonImmutableBiMap.forEach(SingletonImmutableBiMap.java:68)
  org.openqa.selenium.json.JsonOutput.lambda$new$25(JsonOutput.java:177)
  org.openqa.selenium.json.JsonOutput.write(JsonOutput.java:287)
  org.openqa.selenium.json.JsonOutput.write(JsonOutput.java:278)
  org.openqa.selenium.json.Json.toJson(Json.java:42)
  org.openqa.selenium.remote.codec.AbstractHttpCommandCodec.encode(AbstractHttpCommandCodec.java:259)
  org.openqa.selenium.remote.codec.AbstractHttpCommandCodec.encode(AbstractHttpCommandCodec.java:122)
  org.openqa.selenium.remote.HttpCommandExecutor.execute(HttpCommandExecutor.java:172)
  org.openqa.selenium.remote.service.DriverCommandExecutor.invokeExecute(DriverCommandExecutor.java:167)
  org.openqa.selenium.remote.service.DriverCommandExecutor.execute(DriverCommandExecutor.java:142)
  org.openqa.selenium.remote.RemoteWebDriver.execute(RemoteWebDriver.java:541)
  org.openqa.selenium.remote.RemoteWebDriver.perform(RemoteWebDriver.java:609)
  org.openqa.selenium.interactions.Actions$BuiltAction.perform(Actions.java:567)
  org.openqa.selenium.interactions.Actions.perform(Actions.java:536)
  com.nopcommerce.demo.utility.Utility.mouseHoverToElement(Utility.java:227)
  com.nopcommerce.demo.pages.ComputerPage3.mouseHoverOnElementShoppingCart(ComputerPage3.java:122)
  com.nopcommerce.demo.testsuite.ComputerTest1.verifyProductAddedToShoppingCartSuccessFully(ComputerTest1.java:70)
  sun.reflect.NativeMethodAccessorImpl.invoke0(Native Method)
  sun.reflect.NativeMethodAccessorImpl.invoke(NativeMethodAccessorImpl.java:62)
  sun.reflect.DelegatingMethodAccessorImpl.invoke(DelegatingMethodAccessorImpl.java:43)
  java.lang.reflect.Method.invoke(Method.java:498)
  org.testng.internal.invokers.MethodInvocationHelper.invokeMethod(MethodInvocationHelper.java:135)
  org.testng.internal.invokers.TestInvoker.invokeMethod(TestInvoker.java:673)
  org.testng.internal.invokers.TestInvoker.invokeTestMethod(TestInvoker.java:220)
  org.testng.internal.invokers.MethodRunner.runInSequence(MethodRunner.java:50)
  org.testng.internal.invokers.TestInvoker$MethodInvocationAgent.invoke(TestInvoker.java:945)
  org.testng.internal.invokers.TestInvoker.invokeTestMethods(TestInvoker.java:193)
  org.testng.internal.invokers.TestMethodWorker.invokeTestMethods(TestMethodWorker.java:146)
  org.testng.internal.invokers.TestMethodWorker.run(TestMethodWorker.java:128)
  java.util.ArrayList.forEach(ArrayList.java:1249)
  org.testng.TestRunner.privateRun(TestRunner.java:808)
  org.testng.TestRunner.run(TestRunner.java:603)
  org.testng.SuiteRunner.runTest(SuiteRunner.java:429)
  org.testng.SuiteRunner.runSequentially(SuiteRunner.java:423)
  org.testng.SuiteRunner.privateRun(SuiteRunner.java:383)
  org.testng.SuiteRunner.run(SuiteRunner.java:326)
  org.testng.SuiteRunnerWorker.runSuite(SuiteRunnerWorker.java:52)
  org.testng.SuiteRunnerWorker.run(SuiteRunnerWorker.java:95)
  org.testng.TestNG.runSuitesSequentially(TestNG.java:1249)
  org.testng.TestNG.runSuitesLocally(TestNG.java:1169)
  org.testng.TestNG.runSuites(TestNG.java:1092)
  org.testng.TestNG.run(TestNG.java:1060)
  com.intellij.rt.testng.IDEARemoteTestNG.run(IDEARemoteTestNG.java:66)
  com.intellij.rt.testng.RemoteTestNGStarter.main(RemoteTestNGStarter.java:109)
Caused by: org.openqa.selenium.NoSuchElementException: no such element: Unable to locate element: {"method":"xpath","selector":"//select[@name='products-orderby']"}
  (Session info: chrome=108.0.5359.99)
For documentation on this error, please visit: https://selenium.dev/exceptions/#no_such_element
Build info: version: '4.6.0', revision: '79f1c02ae20'
System info: os.name: 'Windows 10', os.arch: 'amd64', os.version: '10.0', java.version: '1.8.0_121'
Driver info: org.openqa.selenium.chrome.ChromeDriver
Command: [4a1f5e0b8af7d6f5329b073b843887bb, findElement {using=xpath, value=//select[@name='products-orderby']}]
Capabilities {acceptInsecureCerts: false, browserName: chrome, browserVersion: 108.0.5359.99, chrome: {chromedriverVersion: 108.0.5359.71 (1e0e3868ee06..., userDataDir: C:\Users\USER\AppData\Local...}, goog:chromeOptions: {debuggerAddress: localhost:61221}, networkConnectionEnabled: false, pageLoadStrategy: normal, platformName: WINDOWS, proxy: Proxy(), se:cdp: ws://localhost:61221/devtoo..., se:cdpVersion: 108.0.5359.99, setWindowRect: true, strictFileInteractability: false, timeouts: {implicit: 0, pageLoad: 300000, script: 30000}, unhandledPromptBehavior: dismiss and notify, webauthn:extension:credBlob: true, webauthn:extension:largeBlob: true, webauthn:virtualAuthenticators: true}
Session ID: 4a1f5e0b8af7d6f5329b073b843887bb
  sun.reflect.NativeConstructorAccessorImpl.newInstance0(Native Method)
  sun.reflect.NativeConstructorAccessorImpl.newInstance(NativeConstructorAccessorImpl.java:62)
  sun.reflect.DelegatingConstructorAccessorImpl.newInstance(DelegatingConstructorAccessorImpl.java:45)
  java.lang.reflect.Constructor.newInstance(Constructor.java:423)
  org.openqa.selenium.remote.codec.w3c.W3CHttpResponseCodec.createException(W3CHttpResponseCodec.java:200)
  org.openqa.selenium.remote.codec.w3c.W3CHttpResponseCodec.decode(W3CHttpResponseCodec.java:133)
  org.openqa.selenium.remote.codec.w3c.W3CHttpResponseCodec.decode(W3CHttpResponseCodec.java:53)
  org.openqa.selenium.remote.HttpCommandExecutor.execute(HttpCommandExecutor.java:184)
  org.openqa.selenium.remote.service.DriverCommandExecutor.invokeExecute(DriverCommandExecutor.java:167)
  org.openqa.selenium.remote.service.DriverCommandExecutor.execute(DriverCommandExecutor.java:142)
  org.openqa.selenium.remote.RemoteWebDriver.execute(RemoteWebDriver.java:541)
  org.openqa.selenium.remote.ElementLocation$ElementFinder$2.findElement(ElementLocation.java:162)
  org.openqa.selenium.remote.ElementLocation.findElement(ElementLocation.java:60)
  org.openqa.selenium.remote.RemoteWebDriver.findElement(RemoteWebDriver.java:365)
  org.openqa.selenium.remote.RemoteWebDriver.findElement(RemoteWebDriver.java:357)
  org.openqa.selenium.support.pagefactory.DefaultElementLocator.findElement(DefaultElementLocator.java:70)
  org.openqa.selenium.support.pagefactory.internal.LocatingElementHandler.invoke(LocatingElementHandler.java:39)
  com.sun.proxy.$Proxy16.getWrappedElement(Unknown Source)
  org.openqa.selenium.interactions.PointerInput$Origin.asArg(PointerInput.java:260)
  org.openqa.selenium.interactions.PointerInput$Move.encode(PointerInput.java:209)
  org.openqa.selenium.interactions.Sequence.encode(Sequence.java:73)
  org.openqa.selenium.interactions.Sequence.toJson(Sequence.java:82)
  sun.reflect.NativeMethodAccessorImpl.invoke0(Native Method)
  sun.reflect.NativeMethodAccessorImpl.invoke(NativeMethodAccessorImpl.java:62)
  sun.reflect.DelegatingMethodAccessorImpl.invoke(DelegatingMethodAccessorImpl.java:43)
  java.lang.reflect.Method.invoke(Method.java:498)
  org.openqa.selenium.json.JsonOutput.convertUsingMethod(JsonOutput.java:358)
  org.openqa.selenium.json.JsonOutput.lambda$new$16(JsonOutput.java:154)
  org.openqa.selenium.json.JsonOutput.write(JsonOutput.java:287)
  org.openqa.selenium.json.JsonOutput.lambda$new$22(JsonOutput.java:169)
  java.util.stream.ForEachOps$ForEachOp$OfRef.accept(ForEachOps.java:184)
  java.util.stream.ReferencePipeline$2$1.accept(ReferencePipeline.java:175)
  java.util.Iterator.forEachRemaining(Iterator.java:116)
  java.util.Spliterators$IteratorSpliterator.forEachRemaining(Spliterators.java:1801)
  java.util.stream.AbstractPipeline.copyInto(AbstractPipeline.java:481)
  java.util.stream.AbstractPipeline.wrapAndCopyInto(AbstractPipeline.java:471)
  java.util.stream.ForEachOps$ForEachOp.evaluateSequential(ForEachOps.java:151)
  java.util.stream.ForEachOps$ForEachOp$OfRef.evaluateSequential(ForEachOps.java:174)
  java.util.stream.AbstractPipeline.evaluate(AbstractPipeline.java:234)
  java.util.stream.ReferencePipeline.forEach(ReferencePipeline.java:418)
  org.openqa.selenium.json.JsonOutput.lambda$new$23(JsonOutput.java:169)
  org.openqa.selenium.json.JsonOutput.write(JsonOutput.java:287)
  org.openqa.selenium.json.JsonOutput.lambda$new$24(JsonOutput.java:182)
  com.google.common.collect.SingletonImmutableBiMap.forEach(SingletonImmutableBiMap.java:68)
  org.openqa.selenium.json.JsonOutput.lambda$new$25(JsonOutput.java:177)
  org.openqa.selenium.json.JsonOutput.write(JsonOutput.java:287)
  org.openqa.selenium.json.JsonOutput.write(JsonOutput.java:278)
  org.openqa.selenium.json.Json.toJson(Json.java:42)
  org.openqa.selenium.remote.codec.AbstractHttpCommandCodec.encode(AbstractHttpCommandCodec.java:259)
  org.openqa.selenium.remote.codec.AbstractHttpCommandCodec.encode(AbstractHttpCommandCodec.java:122)
  org.openqa.selenium.remote.HttpCommandExecutor.execute(HttpCommandExecutor.java:172)
  org.openqa.selenium.remote.service.DriverCommandExecutor.invokeExecute(DriverCommandExecutor.java:167)
  org.openqa.selenium.remote.service.DriverCommandExecutor.execute(DriverCommandExecutor.java:142)
  org.openqa.selenium.remote.RemoteWebDriver.execute(RemoteWebDriver.java:541)
  org.openqa.selenium.remote.RemoteWebDriver.perform(RemoteWebDriver.java:609)
  org.openqa.selenium.interactions.Actions$BuiltAction.perform(Actions.java:567)
  org.openqa.selenium.interactions.Actions.perform(Actions.java:536)
  com.nopcommerce.demo.utility.Utility.mouseHoverToElement(Utility.java:227)
  com.nopcommerce.demo.pages.ComputerPage3.mouseHoverOnElementShoppingCart(ComputerPage3.java:122)
  com.nopcommerce.demo.testsuite.ComputerTest1.verifyProductAddedToShoppingCartSuccessFully(ComputerTest1.java:70)
  sun.reflect.NativeMethodAccessorImpl.invoke0(Native Method)
  sun.reflect.NativeMethodAccessorImpl.invoke(NativeMethodAccessorImpl.java:62)
  sun.reflect.DelegatingMethodAccessorImpl.invoke(DelegatingMethodAccessorImpl.java:43)
  java.lang.reflect.Method.invoke(Method.java:498)
  org.testng.internal.invokers.MethodInvocationHelper.invokeMethod(MethodInvocationHelper.java:135)
  org.testng.internal.invokers.TestInvoker.invokeMethod(TestInvoker.java:673)
  org.testng.internal.invokers.TestInvoker.invokeTestMethod(TestInvoker.java:220)
  org.testng.internal.invokers.MethodRunner.runInSequence(MethodRunner.java:50)
  org.testng.internal.invokers.TestInvoker$MethodInvocationAgent.invoke(TestInvoker.java:945)
  org.testng.internal.invokers.TestInvoker.invokeTestMethods(TestInvoker.java:193)
  org.testng.internal.invokers.TestMethodWorker.invokeTestMethods(TestMethodWorker.java:146)
  org.testng.internal.invokers.TestMethodWorker.run(TestMethodWorker.java:128)
  java.util.ArrayList.forEach(ArrayList.java:1249)
  org.testng.TestRunner.privateRun(TestRunner.java:808)
  org.testng.TestRunner.run(TestRunner.java:603)
  org.testng.SuiteRunner.runTest(SuiteRunner.java:429)
  org.testng.SuiteRunner.runSequentially(SuiteRunner.java:423)
  org.testng.SuiteRunner.privateRun(SuiteRunner.java:383)
  org.testng.SuiteRunner.run(SuiteRunner.java:326)
  org.testng.SuiteRunnerWorker.runSuite(SuiteRunnerWorker.java:52)
  org.testng.SuiteRunnerWorker.run(SuiteRunnerWorker.java:95)
  org.testng.TestNG.runSuitesSequentially(TestNG.java:1249)
  org.testng.TestNG.runSuitesLocally(TestNG.java:1169)
  org.testng.TestNG.runSuites(TestNG.java:1092)
  org.testng.TestNG.run(TestNG.java:1060)
  com.intellij.rt.testng.IDEARemoteTestNG.run(IDEARemoteTestNG.java:66)
  com.intellij.rt.testng.RemoteTestNGStarter.main(RemoteTestNGStarter.java:109)
]]>
      </failure>

          </testcase>
  
  
  
</testsuite>
