<?xml version="1.0" encoding="UTF-8"?>
<!-- Generated by org.testng.reporters.JUnitReportReporter -->
<testsuite skipped="0" hostname="DESKTOP-LSKACAV" name="com.nopcommerce.demo.testsuite.ElectronicsTest" tests="2" failures="1" timestamp="2022-12-10T22:23:42 GMT" time="10.296" errors="0">
  <testcase name="verifyErrorMessageWithInvalidCredentials" time="4.491" classname="com.nopcommerce.demo.testsuite.ElectronicsTest"/>
  <system-out>
    <![CDATA[Enter email prime123@gmail.com to email field [[ChromeDriver: chrome on WINDOWS (1cbe6cae0d97dc8a01ea73af151ac7cd)] -> id: Email]
Click to see screenshot
<a target = "_blank" href=C:\Users\USER\IdeaProjects\testng-week15-nopcommerce-naresh/test-output/html/verifyErrorMessageWithInvalidCredentialsSat_Dec_10_22_23_36_GMT_2022.jpg>Screenshot</a>
<br>
<br>
<a target = "_blank" href=C:\Users\USER\IdeaProjects\testng-week15-nopcommerce-naresh/test-output/html/verifyErrorMessageWithInvalidCredentialsSat_Dec_10_22_23_36_GMT_2022.jpg><img src=C:\Users\USER\IdeaProjects\testng-week15-nopcommerce-naresh/test-output/html/verifyErrorMessageWithInvalidCredentialsSat_Dec_10_22_23_36_GMT_2022.jpg height=200 width=200></img></a>]]>
  </system-out>
  <testcase name="verifyUserShouldNavigateToLoginPage" time="5.805" classname="com.nopcommerce.demo.testsuite.ElectronicsTest">
    <failure type="java.lang.AssertionError" message="Login page not displayed expected [Welcome, Please Sign In!] but found [Welcome, Please Sign In]">
      <![CDATA[java.lang.AssertionError: Login page not displayed expected [Welcome, Please Sign In!] but found [Welcome, Please Sign In]
at org.testng.Assert.fail(Assert.java:110)
at org.testng.Assert.failNotEquals(Assert.java:1413)
at org.testng.Assert.assertEqualsImpl(Assert.java:149)
at org.testng.Assert.assertEquals(Assert.java:131)
at org.testng.Assert.assertEquals(Assert.java:655)
at com.nopcommerce.demo.testsuite.ElectronicsTest.verifyUserShouldNavigateToLoginPage(LoginPageTest.java:27)
at sun.reflect.NativeMethodAccessorImpl.invoke0(Native Method)
at sun.reflect.NativeMethodAccessorImpl.invoke(NativeMethodAccessorImpl.java:62)
at sun.reflect.DelegatingMethodAccessorImpl.invoke(DelegatingMethodAccessorImpl.java:43)
at java.lang.reflect.Method.invoke(Method.java:498)
at org.testng.internal.invokers.MethodInvocationHelper.invokeMethod(MethodInvocationHelper.java:135)
at org.testng.internal.invokers.TestInvoker.invokeMethod(TestInvoker.java:673)
at org.testng.internal.invokers.TestInvoker.invokeTestMethod(TestInvoker.java:220)
at org.testng.internal.invokers.MethodRunner.runInSequence(MethodRunner.java:50)
at org.testng.internal.invokers.TestInvoker$MethodInvocationAgent.invoke(TestInvoker.java:945)
at org.testng.internal.invokers.TestInvoker.invokeTestMethods(TestInvoker.java:193)
at org.testng.internal.invokers.TestMethodWorker.invokeTestMethods(TestMethodWorker.java:146)
at org.testng.internal.invokers.TestMethodWorker.run(TestMethodWorker.java:128)
at java.util.ArrayList.forEach(ArrayList.java:1249)
at org.testng.TestRunner.privateRun(TestRunner.java:808)
at org.testng.TestRunner.run(TestRunner.java:603)
at org.testng.SuiteRunner.runTest(SuiteRunner.java:429)
at org.testng.SuiteRunner.runSequentially(SuiteRunner.java:423)
at org.testng.SuiteRunner.privateRun(SuiteRunner.java:383)
at org.testng.SuiteRunner.run(SuiteRunner.java:326)
at org.testng.SuiteRunnerWorker.runSuite(SuiteRunnerWorker.java:52)
at org.testng.SuiteRunnerWorker.run(SuiteRunnerWorker.java:95)
at org.testng.TestNG.runSuitesSequentially(TestNG.java:1249)
at org.testng.TestNG.runSuitesLocally(TestNG.java:1169)
at org.testng.TestNG.runSuites(TestNG.java:1092)
at org.testng.TestNG.run(TestNG.java:1060)
at com.intellij.rt.testng.IDEARemoteTestNG.run(IDEARemoteTestNG.java:66)
at com.intellij.rt.testng.RemoteTestNGStarter.main(RemoteTestNGStarter.java:109)
]]>
    </failure>
  </testcase> <!-- verifyUserShouldNavigateToLoginPage -->
  <system-out>
    <![CDATA[Click to see screenshot
<a target = "_blank" href=C:\Users\USER\IdeaProjects\testng-week15-nopcommerce-naresh/test-output/html/verifyUserShouldNavigateToLoginPageSat_Dec_10_22_23_41_GMT_2022.jpg>Screenshot</a>
<br>
<br>
<a target = "_blank" href=C:\Users\USER\IdeaProjects\testng-week15-nopcommerce-naresh/test-output/html/verifyUserShouldNavigateToLoginPageSat_Dec_10_22_23_41_GMT_2022.jpg><img src=C:\Users\USER\IdeaProjects\testng-week15-nopcommerce-naresh/test-output/html/verifyUserShouldNavigateToLoginPageSat_Dec_10_22_23_41_GMT_2022.jpg height=200 width=200></img></a>]]>
  </system-out>
</testsuite> <!-- com.nopcommerce.demo.testsuite.ElectronicsTest -->
